<?xml version="1.0" encoding="utf-8" standalone="no"?>
<!--This file represents the results of running a test suite-->
<test-results name="D:\Home\PersonalDevel\playground\SPBaseDemo\SPBaseDemo.Tests\bin\Debug\SPBaseDemo.Tests.exe" total="8" errors="0" failures="0" not-run="0" inconclusive="0" ignored="0" skipped="0" invalid="0" date="2011-11-04" time="11:30:38">
  <environment nunit-version="2.5.10.11092" clr-version="2.0.50727.4963" os-version="Microsoft Windows NT 6.1.7600.0" platform="Win32NT" cwd="D:\Home\PersonalDevel\playground\SPBaseDemo\SPBaseDemo.Tests\bin\Debug" machine-name="WL033766" user="poladmar" user-domain="EU" />
  <culture-info current-culture="en-US" current-uiculture="en-US" />
  <test-suite type="Assembly" name="D:\Home\PersonalDevel\playground\SPBaseDemo\SPBaseDemo.Tests\bin\Debug\SPBaseDemo.Tests.exe" executed="True" result="Success" success="True" time="51.517" asserts="0">
    <results>
      <test-suite type="Namespace" name="SPBaseDemo" executed="True" result="Success" success="True" time="51.508" asserts="0">
        <results>
          <test-suite type="Namespace" name="Tests" executed="True" result="Success" success="True" time="51.508" asserts="0">
            <results>
              <test-suite type="Namespace" name="CONTROLTEMPLATES" executed="True" result="Success" success="True" time="50.567" asserts="0">
                <results>
                  <test-suite type="Namespace" name="SPBaseDemo" executed="True" result="Success" success="True" time="50.566" asserts="0">
                    <results>
                      <test-suite type="Namespace" name="Shared" executed="True" result="Success" success="True" time="50.566" asserts="0">
                        <results>
                          <test-suite type="TestFixture" name="SPScriptLinkControlTests" executed="True" result="Success" success="True" time="50.562" asserts="0">
                            <results>
                              <test-case name="SPBaseDemo.Tests.CONTROLTEMPLATES.SPBaseDemo.Shared.SPScriptLinkControlTests.CanCreateLinksToCssFiles" executed="True" result="Success" success="True" time="50.509" asserts="4" />
                              <test-case name="SPBaseDemo.Tests.CONTROLTEMPLATES.SPBaseDemo.Shared.SPScriptLinkControlTests.CanCreateLinkToJsFiles" executed="True" result="Success" success="True" time="0.021" asserts="4" />
                            </results>
                          </test-suite>
                        </results>
                      </test-suite>
                    </results>
                  </test-suite>
                </results>
              </test-suite>
              <test-suite type="Namespace" name="Infrastructure" executed="True" result="Success" success="True" time="0.182" asserts="0">
                <results>
                  <test-suite type="Namespace" name="Container" executed="True" result="Success" success="True" time="0.182" asserts="0">
                    <results>
                      <test-suite type="TestFixture" name="ContainerConfiguratorTests" executed="True" result="Success" success="True" time="0.182" asserts="0">
                        <results>
                          <test-case name="SPBaseDemo.Tests.Infrastructure.Container.ContainerConfiguratorTests.CanConfigureContainerWithDefaultSettings" executed="True" result="Success" success="True" time="0.030" asserts="0" />
                          <test-case name="SPBaseDemo.Tests.Infrastructure.Container.ContainerConfiguratorTests.ContainsHttpHandlers" executed="True" result="Success" success="True" time="0.150" asserts="3" />
                          <test-case name="SPBaseDemo.Tests.Infrastructure.Container.ContainerConfiguratorTests.DoesInstallatorFactoryReturnInstallators" executed="True" result="Success" success="True" time="0.000" asserts="1" />
                        </results>
                      </test-suite>
                    </results>
                  </test-suite>
                </results>
              </test-suite>
              <test-suite type="TestFixture" name="TestFixture1" executed="True" result="Success" success="True" time="0.000" asserts="0">
                <results>
                  <test-case name="SPBaseDemo.Tests.TestFixture1.TestFault" executed="True" result="Success" success="True" time="0.000" asserts="1" />
                  <test-case name="SPBaseDemo.Tests.TestFixture1.TestTrue" executed="True" result="Success" success="True" time="0.000" asserts="1" />
                </results>
              </test-suite>
              <test-suite type="Namespace" name="Web" executed="True" result="Success" success="True" time="0.758" asserts="0">
                <results>
                  <test-suite type="Namespace" name="HttpHandlers" executed="True" result="Success" success="True" time="0.758" asserts="0">
                    <results>
                      <test-suite type="TestFixture" name="ScriptHandlersTests" executed="True" result="Success" success="True" time="0.758" asserts="0">
                        <results>
                          <test-case name="SPBaseDemo.Tests.Web.HttpHandlers.ScriptHandlersTests.CanGetJavaScriptFiles" executed="True" result="Success" success="True" time="0.758" asserts="1" />
                        </results>
                      </test-suite>
                    </results>
                  </test-suite>
                </results>
              </test-suite>
            </results>
          </test-suite>
        </results>
      </test-suite>
    </results>
  </test-suite>
</test-results>