<?xml version="1.0" encoding="UTF-8"?>
<TestRun id="1a87be86-e1aa-48f5-8d7e-f01c5441967c" name="poladmar@WL033766 2011-11-09 18:50:33" runUser="EU\poladmar" xmlns="http://microsoft.com/schemas/VisualStudio/TeamTest/2010">
  <TestSettings name="Local" id="8ade650e-4af8-415d-b3e8-b44d3ce8c4dd">
    <Description>These are default test settings for a local test run.</Description>
    <Deployment enabled="false" runDeploymentRoot="poladmar_WL033766 2011-11-09 18_50_33" />
    <Execution>
      <TestTypeSpecific />
      <AgentRule name="Execution Agents">
      </AgentRule>
    </Execution>
  </TestSettings>
  <Times creation="2011-11-09T18:50:33.8880326+01:00" queuing="2011-11-09T18:50:34.0770434+01:00" start="2011-11-09T18:50:34.1280463+01:00" finish="2011-11-09T18:50:34.8600882+01:00" />
  <ResultSummary outcome="Completed">
    <Counters total="1" executed="1" passed="1" error="0" failed="0" timeout="0" aborted="0" inconclusive="0" passedButRunAborted="0" notRunnable="0" notExecuted="0" disconnected="0" warning="0" completed="0" inProgress="0" pending="0" />
  </ResultSummary>
  <TestDefinitions>
    <UnitTest name="CanInvokeDummyService" storage="d:\home\personaldevel\playground\wcfbasedemo\wcfbasedemo.host.deploymenttests\bin\debug\wcfbasedemo.host.deploymenttests.dll" id="6ecf0c46-d28c-29e9-5077-e81e65ddd2c3">
      <Execution id="ea03c6f5-7e57-409c-b11a-4348d37b193c" />
      <TestMethod codeBase="D:/Home/PersonalDevel/playground/WCFBaseDemo/WCFBaseDemo.Host.DeploymentTests/bin/Debug/WCFBaseDemo.Host.DeploymentTests.DLL" adapterTypeName="Microsoft.VisualStudio.TestTools.TestTypes.Unit.UnitTestAdapter, Microsoft.VisualStudio.QualityTools.Tips.UnitTest.Adapter, Version=10.0.0.0, Culture=neutral, PublicKeyToken=b03f5f7f11d50a3a" className="WCFBaseDemo.Host.DeploymentTests.ServicesOnLocalIISTest, WCFBaseDemo.Host.DeploymentTests, Version=1.0.0.0, Culture=neutral, PublicKeyToken=null" name="CanInvokeDummyService" />
    </UnitTest>
  </TestDefinitions>
  <TestLists>
    <TestList name="Results Not in a List" id="8c84fa94-04c1-424b-9868-57a2d4851a1d" />
    <TestList name="All Loaded Results" id="19431567-8539-422a-85d7-44ee4e166bda" />
  </TestLists>
  <TestEntries>
    <TestEntry testId="6ecf0c46-d28c-29e9-5077-e81e65ddd2c3" executionId="ea03c6f5-7e57-409c-b11a-4348d37b193c" testListId="8c84fa94-04c1-424b-9868-57a2d4851a1d" />
  </TestEntries>
  <Results>
    <UnitTestResult executionId="ea03c6f5-7e57-409c-b11a-4348d37b193c" testId="6ecf0c46-d28c-29e9-5077-e81e65ddd2c3" testName="CanInvokeDummyService" computerName="WL033766" duration="00:00:00.3603702" startTime="2011-11-09T18:50:34.1550479+01:00" endTime="2011-11-09T18:50:34.8230861+01:00" testType="13cdc9d9-ddb5-4fa4-a97d-d965ccfc6d4b" outcome="Passed" testListId="8c84fa94-04c1-424b-9868-57a2d4851a1d" relativeResultsDirectory="ea03c6f5-7e57-409c-b11a-4348d37b193c">
    </UnitTestResult>
  </Results>
</TestRun>