<?xml version="1.0" encoding="UTF-8"?>
<TestRun id="9ba907e5-b4c6-42b7-9acf-13dfac87535f" name="poladmar@WL033766 2011-11-09 18:48:21" runUser="EU\poladmar" xmlns="http://microsoft.com/schemas/VisualStudio/TeamTest/2010">
  <TestSettings name="Local" id="8ade650e-4af8-415d-b3e8-b44d3ce8c4dd">
    <Description>These are default test settings for a local test run.</Description>
    <Deployment enabled="false" runDeploymentRoot="poladmar_WL033766 2011-11-09 18_48_21" />
    <Execution>
      <TestTypeSpecific />
      <AgentRule name="Execution Agents">
      </AgentRule>
    </Execution>
  </TestSettings>
  <Times creation="2011-11-09T18:48:21.8454802+01:00" queuing="2011-11-09T18:48:25.9047124+01:00" start="2011-11-09T18:48:25.9547152+01:00" finish="2011-11-09T18:48:27.2927918+01:00" />
  <ResultSummary outcome="Completed">
    <Counters total="1" executed="1" passed="1" error="0" failed="0" timeout="0" aborted="0" inconclusive="0" passedButRunAborted="0" notRunnable="0" notExecuted="0" disconnected="0" warning="0" completed="0" inProgress="0" pending="0" />
  </ResultSummary>
  <TestDefinitions>
    <UnitTest name="CanInvokeDummyService" storage="d:\home\personaldevel\playground\wcfbasedemo\wcfbasedemo.host.deploymenttests\bin\debug\wcfbasedemo.host.deploymenttests.dll" id="6ecf0c46-d28c-29e9-5077-e81e65ddd2c3">
      <Execution id="352511b3-bf81-4328-a13d-b54c97e5286c" />
      <TestMethod codeBase="D:/Home/PersonalDevel/playground/WCFBaseDemo/WCFBaseDemo.Host.DeploymentTests/bin/Debug/WCFBaseDemo.Host.DeploymentTests.DLL" adapterTypeName="Microsoft.VisualStudio.TestTools.TestTypes.Unit.UnitTestAdapter, Microsoft.VisualStudio.QualityTools.Tips.UnitTest.Adapter, Version=10.0.0.0, Culture=neutral, PublicKeyToken=b03f5f7f11d50a3a" className="WCFBaseDemo.Host.DeploymentTests.ServicesOnLocalIISTest, WCFBaseDemo.Host.DeploymentTests, Version=1.0.0.0, Culture=neutral, PublicKeyToken=null" name="CanInvokeDummyService" />
    </UnitTest>
  </TestDefinitions>
  <TestLists>
    <TestList name="Results Not in a List" id="8c84fa94-04c1-424b-9868-57a2d4851a1d" />
    <TestList name="All Loaded Results" id="19431567-8539-422a-85d7-44ee4e166bda" />
  </TestLists>
  <TestEntries>
    <TestEntry testId="6ecf0c46-d28c-29e9-5077-e81e65ddd2c3" executionId="352511b3-bf81-4328-a13d-b54c97e5286c" testListId="8c84fa94-04c1-424b-9868-57a2d4851a1d" />
  </TestEntries>
  <Results>
    <UnitTestResult executionId="352511b3-bf81-4328-a13d-b54c97e5286c" testId="6ecf0c46-d28c-29e9-5077-e81e65ddd2c3" testName="CanInvokeDummyService" computerName="WL033766" duration="00:00:00.7873948" startTime="2011-11-09T18:48:26.0497207+01:00" endTime="2011-11-09T18:48:27.2137873+01:00" testType="13cdc9d9-ddb5-4fa4-a97d-d965ccfc6d4b" outcome="Passed" testListId="8c84fa94-04c1-424b-9868-57a2d4851a1d" relativeResultsDirectory="352511b3-bf81-4328-a13d-b54c97e5286c">
      <Output>
        <StdOut>Marian, Im another writer</StdOut>
      </Output>
    </UnitTestResult>
  </Results>
</TestRun>