<?xml version="1.0" encoding="UTF-8"?>
<TestRun id="d8497a14-c2bc-410a-85a5-b46c7d6738f2" name="poladmar@WL033766 2011-11-09 18:49:09" runUser="EU\poladmar" xmlns="http://microsoft.com/schemas/VisualStudio/TeamTest/2010">
  <TestSettings name="Local" id="8ade650e-4af8-415d-b3e8-b44d3ce8c4dd">
    <Description>These are default test settings for a local test run.</Description>
    <Deployment enabled="false" runDeploymentRoot="poladmar_WL033766 2011-11-09 18_49_09" />
    <Execution>
      <TestTypeSpecific />
      <AgentRule name="Execution Agents">
      </AgentRule>
    </Execution>
  </TestSettings>
  <Times creation="2011-11-09T18:49:09.0381795+01:00" queuing="2011-11-09T18:49:10.1542433+01:00" start="2011-11-09T18:49:10.3032518+01:00" finish="2011-11-09T18:49:26.8241968+01:00" />
  <ResultSummary outcome="Completed">
    <Counters total="1" executed="1" passed="1" error="0" failed="0" timeout="0" aborted="0" inconclusive="0" passedButRunAborted="0" notRunnable="0" notExecuted="0" disconnected="0" warning="0" completed="0" inProgress="0" pending="0" />
  </ResultSummary>
  <TestDefinitions>
    <UnitTest name="CanInvokeDummyService" storage="d:\home\personaldevel\playground\wcfbasedemo\wcfbasedemo.host.deploymenttests\bin\debug\wcfbasedemo.host.deploymenttests.dll" id="6ecf0c46-d28c-29e9-5077-e81e65ddd2c3">
      <Execution id="8e622fe0-64b4-42ad-9558-793c0c5e8dce" />
      <TestMethod codeBase="D:/Home/PersonalDevel/playground/WCFBaseDemo/WCFBaseDemo.Host.DeploymentTests/bin/Debug/WCFBaseDemo.Host.DeploymentTests.DLL" adapterTypeName="Microsoft.VisualStudio.TestTools.TestTypes.Unit.UnitTestAdapter, Microsoft.VisualStudio.QualityTools.Tips.UnitTest.Adapter, Version=10.0.0.0, Culture=neutral, PublicKeyToken=b03f5f7f11d50a3a" className="WCFBaseDemo.Host.DeploymentTests.ServicesOnLocalIISTest, WCFBaseDemo.Host.DeploymentTests, Version=1.0.0.0, Culture=neutral, PublicKeyToken=null" name="CanInvokeDummyService" />
    </UnitTest>
  </TestDefinitions>
  <TestLists>
    <TestList name="Results Not in a List" id="8c84fa94-04c1-424b-9868-57a2d4851a1d" />
    <TestList name="All Loaded Results" id="19431567-8539-422a-85d7-44ee4e166bda" />
  </TestLists>
  <TestEntries>
    <TestEntry testId="6ecf0c46-d28c-29e9-5077-e81e65ddd2c3" executionId="8e622fe0-64b4-42ad-9558-793c0c5e8dce" testListId="8c84fa94-04c1-424b-9868-57a2d4851a1d" />
  </TestEntries>
  <Results>
    <UnitTestResult executionId="8e622fe0-64b4-42ad-9558-793c0c5e8dce" testId="6ecf0c46-d28c-29e9-5077-e81e65ddd2c3" testName="CanInvokeDummyService" computerName="WL033766" duration="00:00:12.9321031" startTime="2011-11-09T18:49:10.4502602+01:00" endTime="2011-11-09T18:49:26.7261912+01:00" testType="13cdc9d9-ddb5-4fa4-a97d-d965ccfc6d4b" outcome="Passed" testListId="8c84fa94-04c1-424b-9868-57a2d4851a1d" relativeResultsDirectory="8e622fe0-64b4-42ad-9558-793c0c5e8dce">
      <Output>
        <StdOut>Marian, Im another writer</StdOut>
      </Output>
    </UnitTestResult>
  </Results>
</TestRun>