<?xml version="1.0" encoding="UTF-8"?>
<TestRun id="a2ff7db7-18b4-407b-8768-07a5d3730019" name="poladmar@WL033766 2011-11-09 10:58:22" runUser="EU\poladmar" xmlns="http://microsoft.com/schemas/VisualStudio/TeamTest/2010">
  <TestSettings name="Local" id="8ade650e-4af8-415d-b3e8-b44d3ce8c4dd">
    <Description>These are default test settings for a local test run.</Description>
    <Deployment enabled="false" runDeploymentRoot="poladmar_WL033766 2011-11-09 10_58_22">
      <DeploymentItem filename="D:\Home\PersonalDevel\playground\WCFBaseDemo\WCFBaseDemo.Host\bin\WCFBaseDemo.Host.dll" />
      <DeploymentItem filename="D:\Home\PersonalDevel\playground\WCFBaseDemo\packages\CommonServiceLocator.1.0\lib\NET35\Microsoft.Practices.ServiceLocation.dll" />
      <DeploymentItem filename="D:\Home\PersonalDevel\playground\WCFBaseDemo\packages\Unity.2.1.505.0\lib\NET35\Microsoft.Practices.Unity.dll" />
      <DeploymentItem filename="D:\Home\PersonalDevel\playground\WCFBaseDemo\WCFBaseDemo\bin\Debug\WCFBaseDemo.exe" />
      <DeploymentItem filename="D:\Home\PersonalDevel\playground\WCFBaseDemo\packages\Unity.2.1.505.0\lib\NET35\Microsoft.Practices.Unity.Configuration.dll" />
      <DeploymentItem filename="D:\Home\PersonalDevel\playground\WCFBaseDemo\packages\Moq.4.0.10827\lib\NET40\Moq.dll" />
      <DeploymentItem filename="D:\Home\PersonalDevel\playground\WCFBaseDemo\packages\EntityFramework.4.2.0.0\lib\net40\EntityFramework.dll" />
    </Deployment>
    <Execution>
      <TestTypeSpecific />
      <AgentRule name="Execution Agents">
      </AgentRule>
    </Execution>
  </TestSettings>
  <Times creation="2011-11-09T10:58:22.0622368+01:00" queuing="2011-11-09T10:58:23.5832368+01:00" start="2011-11-09T10:58:23.6252368+01:00" finish="2011-11-09T10:58:24.1022368+01:00" />
  <ResultSummary outcome="Failed">
    <Counters total="1" executed="1" error="0" failed="1" timeout="0" aborted="0" inconclusive="0" passedButRunAborted="0" notRunnable="0" notExecuted="0" disconnected="0" warning="0" passed="0" completed="0" inProgress="0" pending="0" />
  </ResultSummary>
  <TestDefinitions>
    <UnitTest name="CanProvideInstanceForHost" storage="d:\home\personaldevel\playground\wcfbasedemo\wcfbasedemo.host.tests\bin\debug\wcfbasedemo.host.tests.dll" id="492cd653-140d-b34b-f6ef-ef801551a4d7">
      <Execution id="0896eee0-af2b-4183-8b2d-dabd29778731" />
      <TestMethod codeBase="D:/Home/PersonalDevel/playground/WCFBaseDemo/WCFBaseDemo.Host.Tests/bin/Debug/WCFBaseDemo.Host.Tests.DLL" adapterTypeName="Microsoft.VisualStudio.TestTools.TestTypes.Unit.UnitTestAdapter, Microsoft.VisualStudio.QualityTools.Tips.UnitTest.Adapter, Version=10.0.0.0, Culture=neutral, PublicKeyToken=b03f5f7f11d50a3a" className="WCFBaseDemo.Host.Tests.Infrastructure.WCF.UnityServiceBehaviorTest, WCFBaseDemo.Host.Tests, Version=1.0.0.0, Culture=neutral, PublicKeyToken=null" name="CanProvideInstanceForHost" />
    </UnitTest>
  </TestDefinitions>
  <TestLists>
    <TestList name="Results Not in a List" id="8c84fa94-04c1-424b-9868-57a2d4851a1d" />
    <TestList name="All Loaded Results" id="19431567-8539-422a-85d7-44ee4e166bda" />
  </TestLists>
  <TestEntries>
    <TestEntry testId="492cd653-140d-b34b-f6ef-ef801551a4d7" executionId="0896eee0-af2b-4183-8b2d-dabd29778731" testListId="8c84fa94-04c1-424b-9868-57a2d4851a1d" />
  </TestEntries>
  <Results>
    <UnitTestResult executionId="0896eee0-af2b-4183-8b2d-dabd29778731" testId="492cd653-140d-b34b-f6ef-ef801551a4d7" testName="CanProvideInstanceForHost" computerName="WL033766" duration="00:00:00.0789870" startTime="2011-11-09T10:58:23.6542368+01:00" endTime="2011-11-09T10:58:24.0302368+01:00" testType="13cdc9d9-ddb5-4fa4-a97d-d965ccfc6d4b" outcome="Failed" testListId="8c84fa94-04c1-424b-9868-57a2d4851a1d" relativeResultsDirectory="0896eee0-af2b-4183-8b2d-dabd29778731">
      <Output>
        <ErrorInfo>
          <Message>Test method WCFBaseDemo.Host.Tests.Infrastructure.WCF.UnityServiceBehaviorTest.CanProvideInstanceForHost threw exception: 
System.ArgumentException: ServiceHost only supports class service types.</Message>
          <StackTrace>    at System.ServiceModel.Description.ServiceDescription.GetService(Type serviceType)
   at System.ServiceModel.ServiceHost.CreateDescription(IDictionary`2&amp; implementedContracts)
   at System.ServiceModel.ServiceHostBase.InitializeDescription(UriSchemeKeyedCollection baseAddresses)
   at System.ServiceModel.ServiceHost.InitializeDescription(Type serviceType, UriSchemeKeyedCollection baseAddresses)
   at System.ServiceModel.ServiceHost..ctor(Type serviceType, Uri[] baseAddresses)
   at WCFBaseDemo.Host.Tests.Infrastructure.WCF.UnityServiceBehaviorTest.CanProvideInstanceForHost() in D:\Home\PersonalDevel\playground\WCFBaseDemo\WCFBaseDemo.Host.Tests\Infrastructure\WCF\UnityServiceBehaviorTest.cs:line 28
</StackTrace>
        </ErrorInfo>
      </Output>
    </UnitTestResult>
  </Results>
</TestRun>