<?xml version="1.0" encoding="utf-8" standalone="no"?>
<!--This file represents the results of running a test suite-->
<test-results name="D:\Home\PersonalDevel\playground\SharePointPlayground\src\SharePointPlaygroundTests\bin\Debug\SharePointPlaygroundTests.exe" total="3" errors="0" failures="0" not-run="0" inconclusive="0" ignored="0" skipped="0" invalid="0" date="2011-08-11" time="15:26:37">
  <environment nunit-version="2.5.10.11092" clr-version="2.0.50727.4961" os-version="Microsoft Windows NT 6.1.7600.0" platform="Win32NT" cwd="D:\Home\PersonalDevel\playground\SharePointPlayground\src\SharePointPlaygroundTests\bin\Debug" machine-name="WL033766" user="poladmar" user-domain="EU" />
  <culture-info current-culture="en-US" current-uiculture="en-US" />
  <test-suite type="Assembly" name="D:\Home\PersonalDevel\playground\SharePointPlayground\src\SharePointPlaygroundTests\bin\Debug\SharePointPlaygroundTests.exe" executed="True" result="Success" success="True" time="12.232" asserts="0">
    <results>
      <test-suite type="Namespace" name="SharePointPlaygroundTests" executed="True" result="Success" success="True" time="12.223" asserts="0">
        <results>
          <test-suite type="TestFixture" name="AutomapperTests" executed="True" result="Success" success="True" time="12.221" asserts="0">
            <results>
              <test-case name="SharePointPlaygroundTests.AutomapperTests.CanConfigureMapper" executed="True" result="Success" success="True" time="0.656" asserts="0" />
              <test-case name="SharePointPlaygroundTests.AutomapperTests.CanResolveListItem" executed="True" result="Success" success="True" time="8.072" asserts="3" />
              <test-case name="SharePointPlaygroundTests.AutomapperTests.CanResolveListItems" executed="True" result="Success" success="True" time="3.477" asserts="1" />
            </results>
          </test-suite>
        </results>
      </test-suite>
    </results>
  </test-suite>
</test-results>